<?xml version="1.0" encoding="UTF-8"?>
<!-- Generated by org.testng.reporters.JUnitXMLReporter -->
<testsuite hostname="SUJITH" ignored="0" name="Default test(failed)" tests="4" failures="4" timestamp="11 Jun 2018 07:17:07 GMT" time="116.554" errors="0">
  <testcase name="lscr_loginFunctionality" time="2.535" classname="com.Testcases.Lscr_ValidateLoginFunctionality">
    <failure type="org.openqa.selenium.ElementClickInterceptedException" message="Element &amp;lt;a href=&amp;quot;http://newnuk.com/lscr/about&amp;quot;&amp;gt; is not clickable at point (755.7416839599609,49.28333282470703) because another element &amp;lt;div id=&amp;quot;signin&amp;quot; class=&amp;quot;modal fade in&amp;quot;&amp;gt; obscures it
Build info: version: &amp;apos;3.11.0&amp;apos;, revision: &amp;apos;e59cfb3&amp;apos;, time: &amp;apos;2018-03-11T20:33:15.31Z&amp;apos;
System info: host: &amp;apos;SUJITH&amp;apos;, ip: &amp;apos;192.168.225.165&amp;apos;, os.name: &amp;apos;Windows 10&amp;apos;, os.arch: &amp;apos;amd64&amp;apos;, os.version: &amp;apos;10.0&amp;apos;, java.version: &amp;apos;1.8.0_161&amp;apos;
Driver info: org.openqa.selenium.firefox.FirefoxDriver
Capabilities {acceptInsecureCerts: true, browserName: firefox, browserVersion: 60.0.2, javascriptEnabled: true, moz:accessibilityChecks: false, moz:headless: false, moz:processID: 6796, moz:profile: C:\Users\SUJITH\AppData\Loc..., moz:useNonSpecCompliantPointerOrigin: false, moz:webdriverClick: true, pageLoadStrategy: normal, platform: XP, platformName: XP, platformVersion: 10.0, rotatable: false, timeouts: {implicit: 0, pageLoad: 300000, script: 30000}}
Session ID: 371ee366-5341-44fe-bcc1-b80a8eb623c4">
      <![CDATA[org.openqa.selenium.ElementClickInterceptedException: Element <a href="http://newnuk.com/lscr/about"> is not clickable at point (755.7416839599609,49.28333282470703) because another element <div id="signin" class="modal fade in"> obscures it
Build info: version: '3.11.0', revision: 'e59cfb3', time: '2018-03-11T20:33:15.31Z'
System info: host: 'SUJITH', ip: '192.168.225.165', os.name: 'Windows 10', os.arch: 'amd64', os.version: '10.0', java.version: '1.8.0_161'
Driver info: org.openqa.selenium.firefox.FirefoxDriver
Capabilities {acceptInsecureCerts: true, browserName: firefox, browserVersion: 60.0.2, javascriptEnabled: true, moz:accessibilityChecks: false, moz:headless: false, moz:processID: 6796, moz:profile: C:\Users\SUJITH\AppData\Loc..., moz:useNonSpecCompliantPointerOrigin: false, moz:webdriverClick: true, pageLoadStrategy: normal, platform: XP, platformName: XP, platformVersion: 10.0, rotatable: false, timeouts: {implicit: 0, pageLoad: 300000, script: 30000}}
Session ID: 371ee366-5341-44fe-bcc1-b80a8eb623c4
at org.openqa.selenium.remote.http.W3CHttpResponseCodec.createException(W3CHttpResponseCodec.java:187)
at org.openqa.selenium.remote.http.W3CHttpResponseCodec.decode(W3CHttpResponseCodec.java:122)
at org.openqa.selenium.remote.http.W3CHttpResponseCodec.decode(W3CHttpResponseCodec.java:49)
at org.openqa.selenium.remote.HttpCommandExecutor.execute(HttpCommandExecutor.java:158)
at org.openqa.selenium.remote.service.DriverCommandExecutor.execute(DriverCommandExecutor.java:83)
at org.openqa.selenium.remote.RemoteWebDriver.execute(RemoteWebDriver.java:545)
at org.openqa.selenium.remote.RemoteWebElement.execute(RemoteWebElement.java:279)
at org.openqa.selenium.remote.RemoteWebElement.click(RemoteWebElement.java:83)
at com.pages.LoginSheet.clickAbout(LoginSheet.java:47)
at com.Testcases.Lscr_ValidateLoginFunctionality.lscr_loginFunctionality(Lscr_ValidateLoginFunctionality.java:24)
... Removed 29 stack frames]]>
    </failure>
  </testcase> <!-- lscr_loginFunctionality -->
  <testcase name="lscr_loginFunctionality" time="2.158" classname="com.Testcases.Lscr_ValidateLoginFunctionality">
    <failure type="org.openqa.selenium.ElementClickInterceptedException" message="Element &amp;lt;a href=&amp;quot;http://newnuk.com/lscr/about&amp;quot;&amp;gt; is not clickable at point (755.7416839599609,49.28333282470703) because another element &amp;lt;div id=&amp;quot;signin&amp;quot; class=&amp;quot;modal fade in&amp;quot;&amp;gt; obscures it
Build info: version: &amp;apos;3.11.0&amp;apos;, revision: &amp;apos;e59cfb3&amp;apos;, time: &amp;apos;2018-03-11T20:33:15.31Z&amp;apos;
System info: host: &amp;apos;SUJITH&amp;apos;, ip: &amp;apos;192.168.225.165&amp;apos;, os.name: &amp;apos;Windows 10&amp;apos;, os.arch: &amp;apos;amd64&amp;apos;, os.version: &amp;apos;10.0&amp;apos;, java.version: &amp;apos;1.8.0_161&amp;apos;
Driver info: org.openqa.selenium.firefox.FirefoxDriver
Capabilities {acceptInsecureCerts: true, browserName: firefox, browserVersion: 60.0.2, javascriptEnabled: true, moz:accessibilityChecks: false, moz:headless: false, moz:processID: 14936, moz:profile: C:\Users\SUJITH\AppData\Loc..., moz:useNonSpecCompliantPointerOrigin: false, moz:webdriverClick: true, pageLoadStrategy: normal, platform: XP, platformName: XP, platformVersion: 10.0, rotatable: false, timeouts: {implicit: 0, pageLoad: 300000, script: 30000}}
Session ID: 44c1b1e6-64e9-4052-a540-26c07b7cf280">
      <![CDATA[org.openqa.selenium.ElementClickInterceptedException: Element <a href="http://newnuk.com/lscr/about"> is not clickable at point (755.7416839599609,49.28333282470703) because another element <div id="signin" class="modal fade in"> obscures it
Build info: version: '3.11.0', revision: 'e59cfb3', time: '2018-03-11T20:33:15.31Z'
System info: host: 'SUJITH', ip: '192.168.225.165', os.name: 'Windows 10', os.arch: 'amd64', os.version: '10.0', java.version: '1.8.0_161'
Driver info: org.openqa.selenium.firefox.FirefoxDriver
Capabilities {acceptInsecureCerts: true, browserName: firefox, browserVersion: 60.0.2, javascriptEnabled: true, moz:accessibilityChecks: false, moz:headless: false, moz:processID: 14936, moz:profile: C:\Users\SUJITH\AppData\Loc..., moz:useNonSpecCompliantPointerOrigin: false, moz:webdriverClick: true, pageLoadStrategy: normal, platform: XP, platformName: XP, platformVersion: 10.0, rotatable: false, timeouts: {implicit: 0, pageLoad: 300000, script: 30000}}
Session ID: 44c1b1e6-64e9-4052-a540-26c07b7cf280
at org.openqa.selenium.remote.http.W3CHttpResponseCodec.createException(W3CHttpResponseCodec.java:187)
at org.openqa.selenium.remote.http.W3CHttpResponseCodec.decode(W3CHttpResponseCodec.java:122)
at org.openqa.selenium.remote.http.W3CHttpResponseCodec.decode(W3CHttpResponseCodec.java:49)
at org.openqa.selenium.remote.HttpCommandExecutor.execute(HttpCommandExecutor.java:158)
at org.openqa.selenium.remote.service.DriverCommandExecutor.execute(DriverCommandExecutor.java:83)
at org.openqa.selenium.remote.RemoteWebDriver.execute(RemoteWebDriver.java:545)
at org.openqa.selenium.remote.RemoteWebElement.execute(RemoteWebElement.java:279)
at org.openqa.selenium.remote.RemoteWebElement.click(RemoteWebElement.java:83)
at com.pages.LoginSheet.clickAbout(LoginSheet.java:47)
at com.Testcases.Lscr_ValidateLoginFunctionality.lscr_loginFunctionality(Lscr_ValidateLoginFunctionality.java:24)
... Removed 29 stack frames]]>
    </failure>
  </testcase> <!-- lscr_loginFunctionality -->
  <testcase name="lscr_loginFunctionality" time="2.652" classname="com.Testcases.Lscr_ValidateLoginFunctionality">
    <failure type="org.openqa.selenium.ElementClickInterceptedException" message="Element &amp;lt;a href=&amp;quot;http://newnuk.com/lscr/about&amp;quot;&amp;gt; is not clickable at point (755.7416839599609,49.28333282470703) because another element &amp;lt;div id=&amp;quot;signin&amp;quot; class=&amp;quot;modal fade in&amp;quot;&amp;gt; obscures it
Build info: version: &amp;apos;3.11.0&amp;apos;, revision: &amp;apos;e59cfb3&amp;apos;, time: &amp;apos;2018-03-11T20:33:15.31Z&amp;apos;
System info: host: &amp;apos;SUJITH&amp;apos;, ip: &amp;apos;192.168.225.165&amp;apos;, os.name: &amp;apos;Windows 10&amp;apos;, os.arch: &amp;apos;amd64&amp;apos;, os.version: &amp;apos;10.0&amp;apos;, java.version: &amp;apos;1.8.0_161&amp;apos;
Driver info: org.openqa.selenium.firefox.FirefoxDriver
Capabilities {acceptInsecureCerts: true, browserName: firefox, browserVersion: 60.0.2, javascriptEnabled: true, moz:accessibilityChecks: false, moz:headless: false, moz:processID: 7496, moz:profile: C:\Users\SUJITH\AppData\Loc..., moz:useNonSpecCompliantPointerOrigin: false, moz:webdriverClick: true, pageLoadStrategy: normal, platform: XP, platformName: XP, platformVersion: 10.0, rotatable: false, timeouts: {implicit: 0, pageLoad: 300000, script: 30000}}
Session ID: f83de25f-e02b-4c9c-a113-8159f18bcd66">
      <![CDATA[org.openqa.selenium.ElementClickInterceptedException: Element <a href="http://newnuk.com/lscr/about"> is not clickable at point (755.7416839599609,49.28333282470703) because another element <div id="signin" class="modal fade in"> obscures it
Build info: version: '3.11.0', revision: 'e59cfb3', time: '2018-03-11T20:33:15.31Z'
System info: host: 'SUJITH', ip: '192.168.225.165', os.name: 'Windows 10', os.arch: 'amd64', os.version: '10.0', java.version: '1.8.0_161'
Driver info: org.openqa.selenium.firefox.FirefoxDriver
Capabilities {acceptInsecureCerts: true, browserName: firefox, browserVersion: 60.0.2, javascriptEnabled: true, moz:accessibilityChecks: false, moz:headless: false, moz:processID: 7496, moz:profile: C:\Users\SUJITH\AppData\Loc..., moz:useNonSpecCompliantPointerOrigin: false, moz:webdriverClick: true, pageLoadStrategy: normal, platform: XP, platformName: XP, platformVersion: 10.0, rotatable: false, timeouts: {implicit: 0, pageLoad: 300000, script: 30000}}
Session ID: f83de25f-e02b-4c9c-a113-8159f18bcd66
at org.openqa.selenium.remote.http.W3CHttpResponseCodec.createException(W3CHttpResponseCodec.java:187)
at org.openqa.selenium.remote.http.W3CHttpResponseCodec.decode(W3CHttpResponseCodec.java:122)
at org.openqa.selenium.remote.http.W3CHttpResponseCodec.decode(W3CHttpResponseCodec.java:49)
at org.openqa.selenium.remote.HttpCommandExecutor.execute(HttpCommandExecutor.java:158)
at org.openqa.selenium.remote.service.DriverCommandExecutor.execute(DriverCommandExecutor.java:83)
at org.openqa.selenium.remote.RemoteWebDriver.execute(RemoteWebDriver.java:545)
at org.openqa.selenium.remote.RemoteWebElement.execute(RemoteWebElement.java:279)
at org.openqa.selenium.remote.RemoteWebElement.click(RemoteWebElement.java:83)
at com.pages.LoginSheet.clickAbout(LoginSheet.java:47)
at com.Testcases.Lscr_ValidateLoginFunctionality.lscr_loginFunctionality(Lscr_ValidateLoginFunctionality.java:24)
... Removed 29 stack frames]]>
    </failure>
  </testcase> <!-- lscr_loginFunctionality -->
  <testcase name="lscr_loginFunctionality" time="1.9" classname="com.Testcases.Lscr_ValidateLoginFunctionality">
    <failure type="org.openqa.selenium.ElementClickInterceptedException" message="Element &amp;lt;a href=&amp;quot;http://newnuk.com/lscr/about&amp;quot;&amp;gt; is not clickable at point (755.7416839599609,49.28333282470703) because another element &amp;lt;div id=&amp;quot;signin&amp;quot; class=&amp;quot;modal fade in&amp;quot;&amp;gt; obscures it
Build info: version: &amp;apos;3.11.0&amp;apos;, revision: &amp;apos;e59cfb3&amp;apos;, time: &amp;apos;2018-03-11T20:33:15.31Z&amp;apos;
System info: host: &amp;apos;SUJITH&amp;apos;, ip: &amp;apos;192.168.225.165&amp;apos;, os.name: &amp;apos;Windows 10&amp;apos;, os.arch: &amp;apos;amd64&amp;apos;, os.version: &amp;apos;10.0&amp;apos;, java.version: &amp;apos;1.8.0_161&amp;apos;
Driver info: org.openqa.selenium.firefox.FirefoxDriver
Capabilities {acceptInsecureCerts: true, browserName: firefox, browserVersion: 60.0.2, javascriptEnabled: true, moz:accessibilityChecks: false, moz:headless: false, moz:processID: 9960, moz:profile: C:\Users\SUJITH\AppData\Loc..., moz:useNonSpecCompliantPointerOrigin: false, moz:webdriverClick: true, pageLoadStrategy: normal, platform: XP, platformName: XP, platformVersion: 10.0, rotatable: false, timeouts: {implicit: 0, pageLoad: 300000, script: 30000}}
Session ID: 7e9d1dd7-3777-4847-a890-47898a8c1511">
      <![CDATA[org.openqa.selenium.ElementClickInterceptedException: Element <a href="http://newnuk.com/lscr/about"> is not clickable at point (755.7416839599609,49.28333282470703) because another element <div id="signin" class="modal fade in"> obscures it
Build info: version: '3.11.0', revision: 'e59cfb3', time: '2018-03-11T20:33:15.31Z'
System info: host: 'SUJITH', ip: '192.168.225.165', os.name: 'Windows 10', os.arch: 'amd64', os.version: '10.0', java.version: '1.8.0_161'
Driver info: org.openqa.selenium.firefox.FirefoxDriver
Capabilities {acceptInsecureCerts: true, browserName: firefox, browserVersion: 60.0.2, javascriptEnabled: true, moz:accessibilityChecks: false, moz:headless: false, moz:processID: 9960, moz:profile: C:\Users\SUJITH\AppData\Loc..., moz:useNonSpecCompliantPointerOrigin: false, moz:webdriverClick: true, pageLoadStrategy: normal, platform: XP, platformName: XP, platformVersion: 10.0, rotatable: false, timeouts: {implicit: 0, pageLoad: 300000, script: 30000}}
Session ID: 7e9d1dd7-3777-4847-a890-47898a8c1511
at org.openqa.selenium.remote.http.W3CHttpResponseCodec.createException(W3CHttpResponseCodec.java:187)
at org.openqa.selenium.remote.http.W3CHttpResponseCodec.decode(W3CHttpResponseCodec.java:122)
at org.openqa.selenium.remote.http.W3CHttpResponseCodec.decode(W3CHttpResponseCodec.java:49)
at org.openqa.selenium.remote.HttpCommandExecutor.execute(HttpCommandExecutor.java:158)
at org.openqa.selenium.remote.service.DriverCommandExecutor.execute(DriverCommandExecutor.java:83)
at org.openqa.selenium.remote.RemoteWebDriver.execute(RemoteWebDriver.java:545)
at org.openqa.selenium.remote.RemoteWebElement.execute(RemoteWebElement.java:279)
at org.openqa.selenium.remote.RemoteWebElement.click(RemoteWebElement.java:83)
at com.pages.LoginSheet.clickAbout(LoginSheet.java:47)
at com.Testcases.Lscr_ValidateLoginFunctionality.lscr_loginFunctionality(Lscr_ValidateLoginFunctionality.java:24)
... Removed 29 stack frames]]>
    </failure>
  </testcase> <!-- lscr_loginFunctionality -->
</testsuite> <!-- Default test(failed) -->
